
*** Running vivado
    with args -log riscv_UART_0.vds -m64 -product Vivado -mode batch -messageDb vivado.pb -notrace -source riscv_UART_0.tcl


****** Vivado v2023.1 (64-bit)
  **** SW Build 3865809 on Sun May  7 15:04:56 MDT 2023
  **** IP Build 3864474 on Sun May  7 20:36:21 MDT 2023
  **** SharedData Build 3865790 on Sun May 07 13:33:03 MDT 2023
    ** Copyright 1986-2022 Xilinx, Inc. All Rights Reserved.
    ** Copyright 2022-2023 Advanced Micro Devices, Inc. All Rights Reserved.

INFO: [Common 17-1239] XILINX_LOCAL_USER_DATA is set to 'no'.
source riscv_UART_0.tcl -notrace
create_project: Time (s): cpu = 00:00:18 ; elapsed = 00:00:18 . Memory (MB): peak = 1329.723 ; gain = 0.023 ; free physical = 2005 ; free virtual = 5725
INFO: [IP_Flow 19-234] Refreshing IP repositories
INFO: [IP_Flow 19-1704] No user IP repositories specified
INFO: [IP_Flow 19-2313] Loaded Vivado IP repository '/tools/Xilinx/Vivado/2023.1/data/ip'.
INFO: [IP_Flow 19-6924] IPCACHE: Running cache check for IP inst: riscv_UART_0
Command: synth_design -top riscv_UART_0 -part xc7a100tcsg324-1 -incremental_mode off -mode out_of_context
Starting synth_design
Attempting to get a license for feature 'Synthesis' and/or device 'xc7a100t'
INFO: [Common 17-349] Got license for feature 'Synthesis' and/or device 'xc7a100t'
INFO: [Device 21-403] Loading part xc7a100tcsg324-1
INFO: [Synth 8-7079] Multithreading enabled for synth_design using a maximum of 1 processes.
INFO: [Synth 8-7078] Launching helper process for spawning children vivado processes
INFO: [Synth 8-7075] Helper process launched with PID 9418
---------------------------------------------------------------------------------
Starting RTL Elaboration : Time (s): cpu = 00:00:08 ; elapsed = 00:00:08 . Memory (MB): peak = 2045.562 ; gain = 377.801 ; free physical = 1050 ; free virtual = 4777
---------------------------------------------------------------------------------
INFO: [Synth 8-6157] synthesizing module 'riscv_UART_0' [/home/alis/vivado-risc-v/workspace/rocket64b1/vivado-arty-a7-100t-riscv/arty-a7-100t-riscv.gen/sources_1/bd/riscv/ip/riscv_UART_0/synth/riscv_UART_0.v:53]
INFO: [Synth 8-6157] synthesizing module 'uart' [/home/alis/vivado-risc-v/uart/uart.v:25]
INFO: [Synth 8-155] case statement is not full and has no default [/home/alis/vivado-risc-v/uart/uart.v:178]
INFO: [Synth 8-155] case statement is not full and has no default [/home/alis/vivado-risc-v/uart/uart.v:210]
INFO: [Synth 8-155] case statement is not full and has no default [/home/alis/vivado-risc-v/uart/uart.v:281]
INFO: [Synth 8-155] case statement is not full and has no default [/home/alis/vivado-risc-v/uart/uart.v:303]
INFO: [Synth 8-6155] done synthesizing module 'uart' (0#1) [/home/alis/vivado-risc-v/uart/uart.v:25]
INFO: [Synth 8-6155] done synthesizing module 'riscv_UART_0' (0#1) [/home/alis/vivado-risc-v/workspace/rocket64b1/vivado-arty-a7-100t-riscv/arty-a7-100t-riscv.gen/sources_1/bd/riscv/ip/riscv_UART_0/synth/riscv_UART_0.v:53]
---------------------------------------------------------------------------------
Finished RTL Elaboration : Time (s): cpu = 00:00:11 ; elapsed = 00:00:12 . Memory (MB): peak = 2119.500 ; gain = 451.738 ; free physical = 955 ; free virtual = 4682
---------------------------------------------------------------------------------
---------------------------------------------------------------------------------
Start Handling Custom Attributes
---------------------------------------------------------------------------------
---------------------------------------------------------------------------------
Finished Handling Custom Attributes : Time (s): cpu = 00:00:11 ; elapsed = 00:00:12 . Memory (MB): peak = 2137.312 ; gain = 469.551 ; free physical = 953 ; free virtual = 4681
---------------------------------------------------------------------------------
---------------------------------------------------------------------------------
Finished RTL Optimization Phase 1 : Time (s): cpu = 00:00:11 ; elapsed = 00:00:12 . Memory (MB): peak = 2137.312 ; gain = 469.551 ; free physical = 953 ; free virtual = 4681
---------------------------------------------------------------------------------
Netlist sorting complete. Time (s): cpu = 00:00:00.01 ; elapsed = 00:00:00.01 . Memory (MB): peak = 2137.312 ; gain = 0.000 ; free physical = 953 ; free virtual = 4681
INFO: [Project 1-570] Preparing netlist for logic optimization

Processing XDC Constraints
Initializing timing engine
Completed Processing XDC Constraints

Netlist sorting complete. Time (s): cpu = 00:00:00 ; elapsed = 00:00:00 . Memory (MB): peak = 2228.035 ; gain = 0.000 ; free physical = 945 ; free virtual = 4673
INFO: [Project 1-111] Unisim Transformation Summary:
No Unisim elements were transformed.

Constraint Validation Runtime : Time (s): cpu = 00:00:00.04 ; elapsed = 00:00:00.04 . Memory (MB): peak = 2228.035 ; gain = 0.000 ; free physical = 945 ; free virtual = 4672
INFO: [Designutils 20-5008] Incremental synthesis strategy off
---------------------------------------------------------------------------------
Finished Constraint Validation : Time (s): cpu = 00:00:23 ; elapsed = 00:00:24 . Memory (MB): peak = 2228.035 ; gain = 560.273 ; free physical = 942 ; free virtual = 4669
---------------------------------------------------------------------------------
---------------------------------------------------------------------------------
Start Loading Part and Timing Information
---------------------------------------------------------------------------------
Loading part: xc7a100tcsg324-1
---------------------------------------------------------------------------------
Finished Loading Part and Timing Information : Time (s): cpu = 00:00:23 ; elapsed = 00:00:24 . Memory (MB): peak = 2228.035 ; gain = 560.273 ; free physical = 942 ; free virtual = 4669
---------------------------------------------------------------------------------
---------------------------------------------------------------------------------
Start Applying 'set_property' XDC Constraints
---------------------------------------------------------------------------------
---------------------------------------------------------------------------------
Finished applying 'set_property' XDC Constraints : Time (s): cpu = 00:00:23 ; elapsed = 00:00:24 . Memory (MB): peak = 2228.035 ; gain = 560.273 ; free physical = 942 ; free virtual = 4669
---------------------------------------------------------------------------------
---------------------------------------------------------------------------------
Finished RTL Optimization Phase 2 : Time (s): cpu = 00:00:24 ; elapsed = 00:00:25 . Memory (MB): peak = 2228.035 ; gain = 560.273 ; free physical = 941 ; free virtual = 4669
---------------------------------------------------------------------------------
---------------------------------------------------------------------------------
Start RTL Component Statistics 
---------------------------------------------------------------------------------
Detailed RTL Component Info : 
+---Adders : 
	   2 Input    4 Bit       Adders := 7     
	   3 Input    4 Bit       Adders := 1     
+---Registers : 
	               32 Bit    Registers := 1     
	               16 Bit    Registers := 2     
	                8 Bit    Registers := 3     
	                4 Bit    Registers := 5     
	                3 Bit    Registers := 1     
	                2 Bit    Registers := 4     
	                1 Bit    Registers := 8     
+---RAMs : 
	              128 Bit	(16 X 8 bit)          RAMs := 2     
+---Muxes : 
	   2 Input   32 Bit        Muxes := 1     
	   4 Input   32 Bit        Muxes := 1     
	   2 Input    8 Bit        Muxes := 2     
	   3 Input    4 Bit        Muxes := 2     
	   2 Input    4 Bit        Muxes := 5     
	   2 Input    2 Bit        Muxes := 6     
	   4 Input    2 Bit        Muxes := 1     
	   2 Input    1 Bit        Muxes := 15    
	  11 Input    1 Bit        Muxes := 7     
	   4 Input    1 Bit        Muxes := 1     
	   3 Input    1 Bit        Muxes := 5     
---------------------------------------------------------------------------------
Finished RTL Component Statistics 
---------------------------------------------------------------------------------
---------------------------------------------------------------------------------
Start Part Resource Summary
---------------------------------------------------------------------------------
Part Resources:
DSPs: 240 (col length:80)
BRAMs: 270 (col length: RAMB18 80 RAMB36 40)
---------------------------------------------------------------------------------
Finished Part Resource Summary
---------------------------------------------------------------------------------
---------------------------------------------------------------------------------
Start Cross Boundary and Area Optimization
---------------------------------------------------------------------------------
WARNING: [Synth 8-7080] Parallel synthesis criteria is not met
---------------------------------------------------------------------------------
Finished Cross Boundary and Area Optimization : Time (s): cpu = 00:00:29 ; elapsed = 00:00:30 . Memory (MB): peak = 2228.035 ; gain = 560.273 ; free physical = 923 ; free virtual = 4651
---------------------------------------------------------------------------------
---------------------------------------------------------------------------------
Start ROM, RAM, DSP, Shift Register and Retiming Reporting
---------------------------------------------------------------------------------

Distributed RAM: Preliminary Mapping Report (see note below)
+-------------+-----------------+-----------+----------------------+-------------+
|Module Name  | RTL Object      | Inference | Size (Depth x Width) | Primitives  | 
+-------------+-----------------+-----------+----------------------+-------------+
|riscv_UART_0 | inst/rx_buf_reg | Implied   | 16 x 8               | RAM32M x 2  | 
|riscv_UART_0 | inst/tx_buf_reg | Implied   | 16 x 8               | RAM32M x 2  | 
+-------------+-----------------+-----------+----------------------+-------------+

Note: The table above is a preliminary report that shows the Distributed RAMs at the current stage of the synthesis flow. Some Distributed RAMs may be reimplemented as non Distributed RAM primitives later in the synthesis flow. Multiple instantiated RAMs are reported only once.
---------------------------------------------------------------------------------
Finished ROM, RAM, DSP, Shift Register and Retiming Reporting
---------------------------------------------------------------------------------
---------------------------------------------------------------------------------
Start Applying XDC Timing Constraints
---------------------------------------------------------------------------------
---------------------------------------------------------------------------------
Finished Applying XDC Timing Constraints : Time (s): cpu = 00:00:38 ; elapsed = 00:00:39 . Memory (MB): peak = 2228.035 ; gain = 560.273 ; free physical = 922 ; free virtual = 4650
---------------------------------------------------------------------------------
---------------------------------------------------------------------------------
Start Timing Optimization
---------------------------------------------------------------------------------
---------------------------------------------------------------------------------
Finished Timing Optimization : Time (s): cpu = 00:00:38 ; elapsed = 00:00:39 . Memory (MB): peak = 2228.035 ; gain = 560.273 ; free physical = 922 ; free virtual = 4650
---------------------------------------------------------------------------------
---------------------------------------------------------------------------------
Start ROM, RAM, DSP, Shift Register and Retiming Reporting
---------------------------------------------------------------------------------

Distributed RAM: Final Mapping Report
+-------------+-----------------+-----------+----------------------+-------------+
|Module Name  | RTL Object      | Inference | Size (Depth x Width) | Primitives  | 
+-------------+-----------------+-----------+----------------------+-------------+
|riscv_UART_0 | inst/rx_buf_reg | Implied   | 16 x 8               | RAM32M x 2  | 
|riscv_UART_0 | inst/tx_buf_reg | Implied   | 16 x 8               | RAM32M x 2  | 
+-------------+-----------------+-----------+----------------------+-------------+

---------------------------------------------------------------------------------
Finished ROM, RAM, DSP, Shift Register and Retiming Reporting
---------------------------------------------------------------------------------
---------------------------------------------------------------------------------
Start Technology Mapping
---------------------------------------------------------------------------------
---------------------------------------------------------------------------------
Finished Technology Mapping : Time (s): cpu = 00:00:38 ; elapsed = 00:00:39 . Memory (MB): peak = 2228.035 ; gain = 560.273 ; free physical = 922 ; free virtual = 4650
---------------------------------------------------------------------------------
---------------------------------------------------------------------------------
Start IO Insertion
---------------------------------------------------------------------------------
---------------------------------------------------------------------------------
Start Flattening Before IO Insertion
---------------------------------------------------------------------------------
---------------------------------------------------------------------------------
Finished Flattening Before IO Insertion
---------------------------------------------------------------------------------
---------------------------------------------------------------------------------
Start Final Netlist Cleanup
---------------------------------------------------------------------------------
---------------------------------------------------------------------------------
Finished Final Netlist Cleanup
---------------------------------------------------------------------------------
---------------------------------------------------------------------------------
Finished IO Insertion : Time (s): cpu = 00:00:47 ; elapsed = 00:00:48 . Memory (MB): peak = 2228.035 ; gain = 560.273 ; free physical = 920 ; free virtual = 4650
---------------------------------------------------------------------------------
---------------------------------------------------------------------------------
Start Renaming Generated Instances
---------------------------------------------------------------------------------
---------------------------------------------------------------------------------
Finished Renaming Generated Instances : Time (s): cpu = 00:00:47 ; elapsed = 00:00:48 . Memory (MB): peak = 2228.035 ; gain = 560.273 ; free physical = 920 ; free virtual = 4650
---------------------------------------------------------------------------------
---------------------------------------------------------------------------------
Start Rebuilding User Hierarchy
---------------------------------------------------------------------------------
---------------------------------------------------------------------------------
Finished Rebuilding User Hierarchy : Time (s): cpu = 00:00:47 ; elapsed = 00:00:48 . Memory (MB): peak = 2228.035 ; gain = 560.273 ; free physical = 920 ; free virtual = 4650
---------------------------------------------------------------------------------
---------------------------------------------------------------------------------
Start Renaming Generated Ports
---------------------------------------------------------------------------------
---------------------------------------------------------------------------------
Finished Renaming Generated Ports : Time (s): cpu = 00:00:47 ; elapsed = 00:00:48 . Memory (MB): peak = 2228.035 ; gain = 560.273 ; free physical = 920 ; free virtual = 4650
---------------------------------------------------------------------------------
---------------------------------------------------------------------------------
Start Handling Custom Attributes
---------------------------------------------------------------------------------
---------------------------------------------------------------------------------
Finished Handling Custom Attributes : Time (s): cpu = 00:00:47 ; elapsed = 00:00:48 . Memory (MB): peak = 2228.035 ; gain = 560.273 ; free physical = 920 ; free virtual = 4650
---------------------------------------------------------------------------------
---------------------------------------------------------------------------------
Start Renaming Generated Nets
---------------------------------------------------------------------------------
---------------------------------------------------------------------------------
Finished Renaming Generated Nets : Time (s): cpu = 00:00:47 ; elapsed = 00:00:48 . Memory (MB): peak = 2228.035 ; gain = 560.273 ; free physical = 920 ; free virtual = 4650
---------------------------------------------------------------------------------
---------------------------------------------------------------------------------
Start Writing Synthesis Report
---------------------------------------------------------------------------------

Report BlackBoxes: 
+-+--------------+----------+
| |BlackBox name |Instances |
+-+--------------+----------+
+-+--------------+----------+

Report Cell Usage: 
+------+---------+------+
|      |Cell     |Count |
+------+---------+------+
|1     |CARRY4   |     8|
|2     |LUT1     |     6|
|3     |LUT2     |    16|
|4     |LUT3     |    26|
|5     |LUT4     |    37|
|6     |LUT5     |    19|
|7     |LUT6     |    72|
|8     |RAM32M   |     2|
|9     |RAM32X1D |     4|
|10    |FDRE     |   149|
|11    |FDSE     |     3|
+------+---------+------+
---------------------------------------------------------------------------------
Finished Writing Synthesis Report : Time (s): cpu = 00:00:47 ; elapsed = 00:00:48 . Memory (MB): peak = 2228.035 ; gain = 560.273 ; free physical = 920 ; free virtual = 4650
---------------------------------------------------------------------------------
Synthesis finished with 0 errors, 0 critical warnings and 1 warnings.
Synthesis Optimization Runtime : Time (s): cpu = 00:00:44 ; elapsed = 00:00:45 . Memory (MB): peak = 2228.035 ; gain = 469.551 ; free physical = 919 ; free virtual = 4649
Synthesis Optimization Complete : Time (s): cpu = 00:00:47 ; elapsed = 00:00:48 . Memory (MB): peak = 2228.043 ; gain = 560.273 ; free physical = 919 ; free virtual = 4649
INFO: [Project 1-571] Translating synthesized netlist
Netlist sorting complete. Time (s): cpu = 00:00:00 ; elapsed = 00:00:00.01 . Memory (MB): peak = 2228.043 ; gain = 0.000 ; free physical = 1133 ; free virtual = 4863
INFO: [Netlist 29-17] Analyzing 14 Unisim elements for replacement
INFO: [Netlist 29-28] Unisim Transformation completed in 6 CPU seconds
INFO: [Project 1-570] Preparing netlist for logic optimization
INFO: [Opt 31-138] Pushed 0 inverter(s) to 0 load pin(s).
Netlist sorting complete. Time (s): cpu = 00:00:00 ; elapsed = 00:00:00 . Memory (MB): peak = 2228.043 ; gain = 0.000 ; free physical = 1187 ; free virtual = 4917
INFO: [Project 1-111] Unisim Transformation Summary:
  A total of 6 instances were transformed.
  RAM32M => RAM32M (RAMD32(x6), RAMS32(x2)): 2 instances
  RAM32X1D => RAM32X1D (RAMD32(x2)): 4 instances

Synth Design complete | Checksum: bcc677ea
INFO: [Common 17-83] Releasing license: Synthesis
27 Infos, 1 Warnings, 0 Critical Warnings and 0 Errors encountered.
synth_design completed successfully
synth_design: Time (s): cpu = 00:01:00 ; elapsed = 00:00:56 . Memory (MB): peak = 2228.043 ; gain = 895.352 ; free physical = 1187 ; free virtual = 4917
INFO: [Common 17-2834] synth_design peak Physical Memory [PSS] (MB): overall = 1812.829; main = 1501.076; forked = 360.646
INFO: [Common 17-2834] synth_design peak Virtual Memory [VSS] (MB): overall = 3177.457; main = 2228.039; forked = 949.418
INFO: [Common 17-600] The following parameters have non-default value.
general.maxThreads
INFO: [Common 17-1381] The checkpoint '/home/alis/vivado-risc-v/workspace/rocket64b1/vivado-arty-a7-100t-riscv/arty-a7-100t-riscv.runs/riscv_UART_0_synth_1/riscv_UART_0.dcp' has been generated.
INFO: [Coretcl 2-1648] Added synthesis output to IP cache for IP riscv_UART_0, cache-ID = c1f12906ddbad1ef
INFO: [Common 17-1381] The checkpoint '/home/alis/vivado-risc-v/workspace/rocket64b1/vivado-arty-a7-100t-riscv/arty-a7-100t-riscv.runs/riscv_UART_0_synth_1/riscv_UART_0.dcp' has been generated.
INFO: [runtcl-4] Executing : report_utilization -file riscv_UART_0_utilization_synth.rpt -pb riscv_UART_0_utilization_synth.pb
INFO: [Common 17-206] Exiting Vivado at Tue Oct  3 10:27:22 2023...
